# JRE version: Java(TM) SE Runtime Environment (8.0_111-b14) (build 1.8.0_111-b14)
# Java VM: Java HotSpot(TM) 64-Bit Server VM (25.111-b14 mixed mode windows-amd64 compressed oops)
Heap:
 PSYoungGen      total 31744K, used 2128K [0x00000000d5d00000, 0x00000000d8680000, 0x0000000100000000)
  eden space 22528K, 7% used [0x00000000d5d00000,0x00000000d5ec2450,0x00000000d7300000)
  from space 9216K, 3% used [0x00000000d7b80000,0x00000000d7bd1bc0,0x00000000d8480000)
  to   space 8704K, 0% used [0x00000000d7300000,0x00000000d7300000,0x00000000d7b80000)
 ParOldGen       total 23040K, used 14705K [0x0000000081600000, 0x0000000082c80000, 0x00000000d5d00000)
  object space 23040K, 63% used [0x0000000081600000,0x000000008245c7e0,0x0000000082c80000)
 Metaspace       used 9616K, capacity 10164K, committed 10368K, reserved 1058816K
  class space    used 1027K, capacity 1072K, committed 1152K, reserved 1048576K
GC Heap History (10 events):
Event: 0.911 GC heap before
{Heap before GC invocations=8 (full 1):
 PSYoungGen      total 14336K, used 2549K [0x00000000d5d00000, 0x00000000d7f00000, 0x0000000100000000)
  eden space 11776K, 0% used [0x00000000d5d00000,0x00000000d5d00000,0x00000000d6880000)
  from space 2560K, 99% used [0x00000000d6880000,0x00000000d6afd7c0,0x00000000d6b00000)
  to   space 5632K, 0% used [0x00000000d7980000,0x00000000d7980000,0x00000000d7f00000)
 ParOldGen       total 7680K, used 7544K [0x0000000081600000, 0x0000000081d80000, 0x00000000d5d00000)
  object space 7680K, 98% used [0x0000000081600000,0x0000000081d5e220,0x0000000081d80000)
 Metaspace       used 7593K, capacity 8372K, committed 8704K, reserved 1056768K
  class space    used 906K, capacity 944K, committed 1024K, reserved 1048576K
Event: 1.099 GC heap after
Heap after GC invocations=8 (full 1):
 PSYoungGen      total 14336K, used 2492K [0x00000000d5d00000, 0x00000000d7f00000, 0x0000000100000000)
  eden space 11776K, 0% used [0x00000000d5d00000,0x00000000d5d00000,0x00000000d6880000)
  from space 2560K, 97% used [0x00000000d6880000,0x00000000d6aef1d8,0x00000000d6b00000)
  to   space 5632K, 0% used [0x00000000d7980000,0x00000000d7980000,0x00000000d7f00000)
 ParOldGen       total 13312K, used 7202K [0x0000000081600000, 0x0000000082300000, 0x00000000d5d00000)
  object space 13312K, 54% used [0x0000000081600000,0x0000000081d08968,0x0000000082300000)
 Metaspace       used 7593K, capacity 8372K, committed 8704K, reserved 1056768K
  class space    used 906K, capacity 944K, committed 1024K, reserved 1048576K
}
Event: 1.227 GC heap before
{Heap before GC invocations=9 (full 1):
 PSYoungGen      total 14336K, used 14268K [0x00000000d5d00000, 0x00000000d7f00000, 0x0000000100000000)
  eden space 11776K, 100% used [0x00000000d5d00000,0x00000000d6880000,0x00000000d6880000)
  from space 2560K, 97% used [0x00000000d6880000,0x00000000d6aef1d8,0x00000000d6b00000)
  to   space 5632K, 0% used [0x00000000d7980000,0x00000000d7980000,0x00000000d7f00000)
 ParOldGen       total 13312K, used 7202K [0x0000000081600000, 0x0000000082300000, 0x00000000d5d00000)
  object space 13312K, 54% used [0x0000000081600000,0x0000000081d08968,0x0000000082300000)
 Metaspace       used 7776K, capacity 8500K, committed 8704K, reserved 1056768K
  class space    used 918K, capacity 944K, committed 1024K, reserved 1048576K
Event: 1.239 GC heap after
Heap after GC invocations=9 (full 1):
 PSYoungGen      total 23040K, used 5629K [0x00000000d5d00000, 0x00000000d7f00000, 0x0000000100000000)
  eden space 17408K, 0% used [0x00000000d5d00000,0x00000000d5d00000,0x00000000d6e00000)
  from space 5632K, 99% used [0x00000000d7980000,0x00000000d7eff478,0x00000000d7f00000)
  to   space 7168K, 0% used [0x00000000d7100000,0x00000000d7100000,0x00000000d7800000)
 ParOldGen       total 13312K, used 8327K [0x0000000081600000, 0x0000000082300000, 0x00000000d5d00000)
  object space 13312K, 62% used [0x0000000081600000,0x0000000081e21e58,0x0000000082300000)
 Metaspace       used 7776K, capacity 8500K, committed 8704K, reserved 1056768K
  class space    used 918K, capacity 944K, committed 1024K, reserved 1048576K
}
Event: 1.771 GC heap before
{Heap before GC invocations=10 (full 1):
 PSYoungGen      total 23040K, used 23037K [0x00000000d5d00000, 0x00000000d7f00000, 0x0000000100000000)
  eden space 17408K, 100% used [0x00000000d5d00000,0x00000000d6e00000,0x00000000d6e00000)
  from space 5632K, 99% used [0x00000000d7980000,0x00000000d7eff478,0x00000000d7f00000)
  to   space 7168K, 0% used [0x00000000d7100000,0x00000000d7100000,0x00000000d7800000)
 ParOldGen       total 13312K, used 8327K [0x0000000081600000, 0x0000000082300000, 0x00000000d5d00000)
  object space 13312K, 62% used [0x0000000081600000,0x0000000081e21e58,0x0000000082300000)
 Metaspace       used 9006K, capacity 9620K, committed 9856K, reserved 1058816K
  class space    used 1013K, capacity 1040K, committed 1152K, reserved 1048576K
Event: 1.796 GC heap after
Heap after GC invocations=10 (full 1):
 PSYoungGen      total 27648K, used 7154K [0x00000000d5d00000, 0x00000000d8480000, 0x0000000100000000)
  eden space 20480K, 0% used [0x00000000d5d00000,0x00000000d5d00000,0x00000000d7100000)
  from space 7168K, 99% used [0x00000000d7100000,0x00000000d77fc958,0x00000000d7800000)
  to   space 9216K, 0% used [0x00000000d7b80000,0x00000000d7b80000,0x00000000d8480000)
 ParOldGen       total 13312K, used 9843K [0x0000000081600000, 0x0000000082300000, 0x00000000d5d00000)
  object space 13312K, 73% used [0x0000000081600000,0x0000000081f9cdd0,0x0000000082300000)
 Metaspace       used 9006K, capacity 9620K, committed 9856K, reserved 1058816K
  class space    used 1013K, capacity 1040K, committed 1152K, reserved 1048576K
}
Event: 2.348 GC heap before
{Heap before GC invocations=11 (full 1):
 PSYoungGen      total 27648K, used 27634K [0x00000000d5d00000, 0x00000000d8480000, 0x0000000100000000)
  eden space 20480K, 100% used [0x00000000d5d00000,0x00000000d7100000,0x00000000d7100000)
  from space 7168K, 99% used [0x00000000d7100000,0x00000000d77fc958,0x00000000d7800000)
  to   space 9216K, 0% used [0x00000000d7b80000,0x00000000d7b80000,0x00000000d8480000)
 ParOldGen       total 13312K, used 9843K [0x0000000081600000, 0x0000000082300000, 0x00000000d5d00000)
  object space 13312K, 73% used [0x0000000081600000,0x0000000081f9cdd0,0x0000000082300000)
 Metaspace       used 9610K, capacity 10164K, committed 10368K, reserved 1058816K
  class space    used 1027K, capacity 1072K, committed 1152K, reserved 1048576K
Event: 2.357 GC heap after
Heap after GC invocations=11 (full 1):
 PSYoungGen      total 31744K, used 4021K [0x00000000d5d00000, 0x00000000d8680000, 0x0000000100000000)
  eden space 22528K, 0% used [0x00000000d5d00000,0x00000000d5d00000,0x00000000d7300000)
  from space 9216K, 43% used [0x00000000d7b80000,0x00000000d7f6d7a8,0x00000000d8480000)
  to   space 8704K, 0% used [0x00000000d7300000,0x00000000d7300000,0x00000000d7b80000)
 ParOldGen       total 14848K, used 14002K [0x0000000081600000, 0x0000000082480000, 0x00000000d5d00000)
  object space 14848K, 94% used [0x0000000081600000,0x00000000823ac990,0x0000000082480000)
 Metaspace       used 9610K, capacity 10164K, committed 10368K, reserved 1058816K
  class space    used 1027K, capacity 1072K, committed 1152K, reserved 1048576K
}
Event: 2.357 GC heap before
{Heap before GC invocations=12 (full 2):
 PSYoungGen      total 31744K, used 4021K [0x00000000d5d00000, 0x00000000d8680000, 0x0000000100000000)
  eden space 22528K, 0% used [0x00000000d5d00000,0x00000000d5d00000,0x00000000d7300000)
  from space 9216K, 43% used [0x00000000d7b80000,0x00000000d7f6d7a8,0x00000000d8480000)
  to   space 8704K, 0% used [0x00000000d7300000,0x00000000d7300000,0x00000000d7b80000)
 ParOldGen       total 14848K, used 14002K [0x0000000081600000, 0x0000000082480000, 0x00000000d5d00000)
  object space 14848K, 94% used [0x0000000081600000,0x00000000823ac990,0x0000000082480000)
 Metaspace       used 9610K, capacity 10164K, committed 10368K, reserved 1058816K
  class space    used 1027K, capacity 1072K, committed 1152K, reserved 1048576K
Event: 2.439 GC heap after
Heap after GC invocations=12 (full 2):
 PSYoungGen      total 31744K, used 326K [0x00000000d5d00000, 0x00000000d8680000, 0x0000000100000000)
  eden space 22528K, 0% used [0x00000000d5d00000,0x00000000d5d00000,0x00000000d7300000)
  from space 9216K, 3% used [0x00000000d7b80000,0x00000000d7bd1bc0,0x00000000d8480000)
  to   space 8704K, 0% used [0x00000000d7300000,0x00000000d7300000,0x00000000d7b80000)
 ParOldGen       total 23040K, used 14705K [0x0000000081600000, 0x0000000082c80000, 0x00000000d5d00000)
  object space 23040K, 63% used [0x0000000081600000,0x000000008245c7e0,0x0000000082c80000)
 Metaspace       used 9610K, capacity 10164K, committed 10368K, reserved 1058816K
  class space    used 1027K, capacity 1072K, committed 1152K, reserved 1048576K
}

