# JRE version: Java(TM) SE Runtime Environment (8.0_111-b14) (build 1.8.0_111-b14)
# Java VM: Java HotSpot(TM) 64-Bit Server VM (25.111-b14 mixed mode windows-amd64 compressed oops)
Heap:
 PSYoungGen      total 31232K, used 20222K [0x00000000d5d00000, 0x00000000d8380000, 0x0000000100000000)
  eden space 23040K, 77% used [0x00000000d5d00000,0x00000000d6e7aba0,0x00000000d7380000)
  from space 8192K, 28% used [0x00000000d7b80000,0x00000000d7dc4ca0,0x00000000d8380000)
  to   space 8192K, 0% used [0x00000000d7380000,0x00000000d7380000,0x00000000d7b80000)
 ParOldGen       total 24064K, used 14043K [0x0000000081600000, 0x0000000082d80000, 0x00000000d5d00000)
  object space 24064K, 58% used [0x0000000081600000,0x00000000823b6d38,0x0000000082d80000)
 Metaspace       used 9908K, capacity 10420K, committed 10624K, reserved 1058816K
  class space    used 1027K, capacity 1072K, committed 1152K, reserved 1048576K
GC Heap History (10 events):
Event: 4.750 GC heap before
{Heap before GC invocations=10 (full 1):
 PSYoungGen      total 21504K, used 21492K [0x00000000d5d00000, 0x00000000d7f00000, 0x0000000100000000)
  eden space 15872K, 100% used [0x00000000d5d00000,0x00000000d6c80000,0x00000000d6c80000)
  from space 5632K, 99% used [0x00000000d7980000,0x00000000d7efd280,0x00000000d7f00000)
  to   space 7168K, 0% used [0x00000000d7100000,0x00000000d7100000,0x00000000d7800000)
 ParOldGen       total 14336K, used 8433K [0x0000000081600000, 0x0000000082400000, 0x00000000d5d00000)
  object space 14336K, 58% used [0x0000000081600000,0x0000000081e3c708,0x0000000082400000)
 Metaspace       used 8957K, capacity 9556K, committed 9856K, reserved 1058816K
  class space    used 1010K, capacity 1040K, committed 1152K, reserved 1048576K
Event: 4.787 GC heap after
Heap after GC invocations=10 (full 1):
 PSYoungGen      total 26112K, used 7152K [0x00000000d5d00000, 0x00000000d8180000, 0x0000000100000000)
  eden space 18944K, 0% used [0x00000000d5d00000,0x00000000d5d00000,0x00000000d6f80000)
  from space 7168K, 99% used [0x00000000d7100000,0x00000000d77fc190,0x00000000d7800000)
  to   space 9216K, 0% used [0x00000000d7880000,0x00000000d7880000,0x00000000d8180000)
 ParOldGen       total 14336K, used 9882K [0x0000000081600000, 0x0000000082400000, 0x00000000d5d00000)
  object space 14336K, 68% used [0x0000000081600000,0x0000000081fa69c8,0x0000000082400000)
 Metaspace       used 8957K, capacity 9556K, committed 9856K, reserved 1058816K
  class space    used 1010K, capacity 1040K, committed 1152K, reserved 1048576K
}
Event: 6.573 GC heap before
{Heap before GC invocations=11 (full 1):
 PSYoungGen      total 26112K, used 26096K [0x00000000d5d00000, 0x00000000d8180000, 0x0000000100000000)
  eden space 18944K, 100% used [0x00000000d5d00000,0x00000000d6f80000,0x00000000d6f80000)
  from space 7168K, 99% used [0x00000000d7100000,0x00000000d77fc190,0x00000000d7800000)
  to   space 9216K, 0% used [0x00000000d7880000,0x00000000d7880000,0x00000000d8180000)
 ParOldGen       total 14336K, used 9882K [0x0000000081600000, 0x0000000082400000, 0x00000000d5d00000)
  object space 14336K, 68% used [0x0000000081600000,0x0000000081fa69c8,0x0000000082400000)
 Metaspace       used 9565K, capacity 10100K, committed 10368K, reserved 1058816K
  class space    used 1024K, capacity 1072K, committed 1152K, reserved 1048576K
Event: 6.638 GC heap after
Heap after GC invocations=11 (full 1):
 PSYoungGen      total 28672K, used 3797K [0x00000000d5d00000, 0x00000000d8400000, 0x0000000100000000)
  eden space 19456K, 0% used [0x00000000d5d00000,0x00000000d5d00000,0x00000000d7000000)
  from space 9216K, 41% used [0x00000000d7880000,0x00000000d7c357a8,0x00000000d8180000)
  to   space 8704K, 0% used [0x00000000d7000000,0x00000000d7000000,0x00000000d7880000)
 ParOldGen       total 14336K, used 14106K [0x0000000081600000, 0x0000000082400000, 0x00000000d5d00000)
  object space 14336K, 98% used [0x0000000081600000,0x00000000823c6948,0x0000000082400000)
 Metaspace       used 9565K, capacity 10100K, committed 10368K, reserved 1058816K
  class space    used 1024K, capacity 1072K, committed 1152K, reserved 1048576K
}
Event: 6.638 GC heap before
{Heap before GC invocations=12 (full 2):
 PSYoungGen      total 28672K, used 3797K [0x00000000d5d00000, 0x00000000d8400000, 0x0000000100000000)
  eden space 19456K, 0% used [0x00000000d5d00000,0x00000000d5d00000,0x00000000d7000000)
  from space 9216K, 41% used [0x00000000d7880000,0x00000000d7c357a8,0x00000000d8180000)
  to   space 8704K, 0% used [0x00000000d7000000,0x00000000d7000000,0x00000000d7880000)
 ParOldGen       total 14336K, used 14106K [0x0000000081600000, 0x0000000082400000, 0x00000000d5d00000)
  object space 14336K, 98% used [0x0000000081600000,0x00000000823c6948,0x0000000082400000)
 Metaspace       used 9565K, capacity 10100K, committed 10368K, reserved 1058816K
  class space    used 1024K, capacity 1072K, committed 1152K, reserved 1048576K
Event: 6.945 GC heap after
Heap after GC invocations=12 (full 2):
 PSYoungGen      total 28672K, used 1096K [0x00000000d5d00000, 0x00000000d8400000, 0x0000000100000000)
  eden space 19456K, 0% used [0x00000000d5d00000,0x00000000d5d00000,0x00000000d7000000)
  from space 9216K, 11% used [0x00000000d7880000,0x00000000d7992038,0x00000000d8180000)
  to   space 8704K, 0% used [0x00000000d7000000,0x00000000d7000000,0x00000000d7880000)
 ParOldGen       total 24064K, used 14027K [0x0000000081600000, 0x0000000082d80000, 0x00000000d5d00000)
  object space 24064K, 58% used [0x0000000081600000,0x00000000823b2d38,0x0000000082d80000)
 Metaspace       used 9565K, capacity 10100K, committed 10368K, reserved 1058816K
  class space    used 1024K, capacity 1072K, committed 1152K, reserved 1048576K
}
Event: 8.375 GC heap before
{Heap before GC invocations=13 (full 2):
 PSYoungGen      total 28672K, used 20552K [0x00000000d5d00000, 0x00000000d8400000, 0x0000000100000000)
  eden space 19456K, 100% used [0x00000000d5d00000,0x00000000d7000000,0x00000000d7000000)
  from space 9216K, 11% used [0x00000000d7880000,0x00000000d7992038,0x00000000d8180000)
  to   space 8704K, 0% used [0x00000000d7000000,0x00000000d7000000,0x00000000d7880000)
 ParOldGen       total 24064K, used 14027K [0x0000000081600000, 0x0000000082d80000, 0x00000000d5d00000)
  object space 24064K, 58% used [0x0000000081600000,0x00000000823b2d38,0x0000000082d80000)
 Metaspace       used 9736K, capacity 10292K, committed 10624K, reserved 1058816K
  class space    used 1024K, capacity 1072K, committed 1152K, reserved 1048576K
Event: 8.428 GC heap after
Heap after GC invocations=13 (full 2):
 PSYoungGen      total 28160K, used 1875K [0x00000000d5d00000, 0x00000000d8380000, 0x0000000100000000)
  eden space 19456K, 0% used [0x00000000d5d00000,0x00000000d5d00000,0x00000000d7000000)
  from space 8704K, 21% used [0x00000000d7000000,0x00000000d71d4ca0,0x00000000d7880000)
  to   space 8192K, 0% used [0x00000000d7b80000,0x00000000d7b80000,0x00000000d8380000)
 ParOldGen       total 24064K, used 14035K [0x0000000081600000, 0x0000000082d80000, 0x00000000d5d00000)
  object space 24064K, 58% used [0x0000000081600000,0x00000000823b4d38,0x0000000082d80000)
 Metaspace       used 9736K, capacity 10292K, committed 10624K, reserved 1058816K
  class space    used 1024K, capacity 1072K, committed 1152K, reserved 1048576K
}
Event: 10.157 GC heap before
{Heap before GC invocations=14 (full 2):
 PSYoungGen      total 28160K, used 21331K [0x00000000d5d00000, 0x00000000d8380000, 0x0000000100000000)
  eden space 19456K, 100% used [0x00000000d5d00000,0x00000000d7000000,0x00000000d7000000)
  from space 8704K, 21% used [0x00000000d7000000,0x00000000d71d4ca0,0x00000000d7880000)
  to   space 8192K, 0% used [0x00000000d7b80000,0x00000000d7b80000,0x00000000d8380000)
 ParOldGen       total 24064K, used 14035K [0x0000000081600000, 0x0000000082d80000, 0x00000000d5d00000)
  object space 24064K, 58% used [0x0000000081600000,0x00000000823b4d38,0x0000000082d80000)
 Metaspace       used 9852K, capacity 10356K, committed 10624K, reserved 1058816K
  class space    used 1027K, capacity 1072K, committed 1152K, reserved 1048576K
Event: 10.246 GC heap after
Heap after GC invocations=14 (full 2):
 PSYoungGen      total 31232K, used 2323K [0x00000000d5d00000, 0x00000000d8380000, 0x0000000100000000)
  eden space 23040K, 0% used [0x00000000d5d00000,0x00000000d5d00000,0x00000000d7380000)
  from space 8192K, 28% used [0x00000000d7b80000,0x00000000d7dc4ca0,0x00000000d8380000)
  to   space 8192K, 0% used [0x00000000d7380000,0x00000000d7380000,0x00000000d7b80000)
 ParOldGen       total 24064K, used 14043K [0x0000000081600000, 0x0000000082d80000, 0x00000000d5d00000)
  object space 24064K, 58% used [0x0000000081600000,0x00000000823b6d38,0x0000000082d80000)
 Metaspace       used 9852K, capacity 10356K, committed 10624K, reserved 1058816K
  class space    used 1027K, capacity 1072K, committed 1152K, reserved 1048576K
}

