# JRE version: Java(TM) SE Runtime Environment (8.0_111-b14) (build 1.8.0_111-b14)
# Java VM: Java HotSpot(TM) 64-Bit Server VM (25.111-b14 mixed mode windows-amd64 compressed oops)
Heap:
 PSYoungGen      total 37376K, used 34799K [0x00000000d5d00000, 0x00000000d9500000, 0x0000000100000000)
  eden space 25600K, 100% used [0x00000000d5d00000,0x00000000d7600000,0x00000000d7600000)
  from space 11776K, 78% used [0x00000000d7600000,0x00000000d7efbc40,0x00000000d8180000)
  to   space 12800K, 74% used [0x00000000d8880000,0x00000000d91ca0b8,0x00000000d9500000)
 ParOldGen       total 396288K, used 392208K [0x0000000081600000, 0x0000000099900000, 0x00000000d5d00000)
  object space 396288K, 98% used [0x0000000081600000,0x00000000995040d8,0x0000000099900000)
 Metaspace       used 10189K, capacity 10644K, committed 10880K, reserved 1058816K
  class space    used 1067K, capacity 1104K, committed 1152K, reserved 1048576K
GC Heap History (10 events):
Event: 2.604 GC heap after
Heap after GC invocations=10 (full 1):
 PSYoungGen      total 28160K, used 6643K [0x00000000d5d00000, 0x00000000d8400000, 0x0000000100000000)
  eden space 21504K, 0% used [0x00000000d5d00000,0x00000000d5d00000,0x00000000d7200000)
  from space 6656K, 99% used [0x00000000d7200000,0x00000000d787cff8,0x00000000d7880000)
  to   space 8704K, 0% used [0x00000000d7b80000,0x00000000d7b80000,0x00000000d8400000)
 ParOldGen       total 14848K, used 10393K [0x0000000081600000, 0x0000000082480000, 0x00000000d5d00000)
  object space 14848K, 70% used [0x0000000081600000,0x0000000082026710,0x0000000082480000)
 Metaspace       used 9001K, capacity 9556K, committed 9856K, reserved 1058816K
  class space    used 1013K, capacity 1040K, committed 1152K, reserved 1048576K
}
Event: 5.264 GC heap before
{Heap before GC invocations=11 (full 1):
 PSYoungGen      total 28160K, used 28147K [0x00000000d5d00000, 0x00000000d8400000, 0x0000000100000000)
  eden space 21504K, 100% used [0x00000000d5d00000,0x00000000d7200000,0x00000000d7200000)
  from space 6656K, 99% used [0x00000000d7200000,0x00000000d787cff8,0x00000000d7880000)
  to   space 8704K, 0% used [0x00000000d7b80000,0x00000000d7b80000,0x00000000d8400000)
 ParOldGen       total 14848K, used 10393K [0x0000000081600000, 0x0000000082480000, 0x00000000d5d00000)
  object space 14848K, 70% used [0x0000000081600000,0x0000000082026710,0x0000000082480000)
 Metaspace       used 9604K, capacity 10164K, committed 10368K, reserved 1058816K
  class space    used 1027K, capacity 1072K, committed 1152K, reserved 1048576K
Event: 5.483 GC heap after
Heap after GC invocations=11 (full 1):
 PSYoungGen      total 30208K, used 7260K [0x00000000d5d00000, 0x00000000d8b00000, 0x0000000100000000)
  eden space 21504K, 0% used [0x00000000d5d00000,0x00000000d5d00000,0x00000000d7200000)
  from space 8704K, 83% used [0x00000000d7b80000,0x00000000d8297148,0x00000000d8400000)
  to   space 9728K, 0% used [0x00000000d7200000,0x00000000d7200000,0x00000000d7b80000)
 ParOldGen       total 14848K, used 10799K [0x0000000081600000, 0x0000000082480000, 0x00000000d5d00000)
  object space 14848K, 72% used [0x0000000081600000,0x000000008208bc28,0x0000000082480000)
 Metaspace       used 9604K, capacity 10164K, committed 10368K, reserved 1058816K
  class space    used 1027K, capacity 1072K, committed 1152K, reserved 1048576K
}
Event: 6.049 GC heap before
{Heap before GC invocations=12 (full 1):
 PSYoungGen      total 30208K, used 28764K [0x00000000d5d00000, 0x00000000d8b00000, 0x0000000100000000)
  eden space 21504K, 100% used [0x00000000d5d00000,0x00000000d7200000,0x00000000d7200000)
  from space 8704K, 83% used [0x00000000d7b80000,0x00000000d8297148,0x00000000d8400000)
  to   space 9728K, 0% used [0x00000000d7200000,0x00000000d7200000,0x00000000d7b80000)
 ParOldGen       total 14848K, used 10799K [0x0000000081600000, 0x0000000082480000, 0x00000000d5d00000)
  object space 14848K, 72% used [0x0000000081600000,0x000000008208bc28,0x0000000082480000)
 Metaspace       used 9749K, capacity 10292K, committed 10624K, reserved 1058816K
  class space    used 1030K, capacity 1072K, committed 1152K, reserved 1048576K
Event: 6.058 GC heap after
Heap after GC invocations=12 (full 1):
 PSYoungGen      total 31232K, used 7840K [0x00000000d5d00000, 0x00000000d8c00000, 0x0000000100000000)
  eden space 21504K, 0% used [0x00000000d5d00000,0x00000000d5d00000,0x00000000d7200000)
  from space 9728K, 80% used [0x00000000d7200000,0x00000000d79a8220,0x00000000d7b80000)
  to   space 10752K, 0% used [0x00000000d8180000,0x00000000d8180000,0x00000000d8c00000)
 ParOldGen       total 14848K, used 10807K [0x0000000081600000, 0x0000000082480000, 0x00000000d5d00000)
  object space 14848K, 72% used [0x0000000081600000,0x000000008208dc28,0x0000000082480000)
 Metaspace       used 9749K, capacity 10292K, committed 10624K, reserved 1058816K
  class space    used 1030K, capacity 1072K, committed 1152K, reserved 1048576K
}
Event: 6.415 GC heap before
{Heap before GC invocations=13 (full 1):
 PSYoungGen      total 31232K, used 29344K [0x00000000d5d00000, 0x00000000d8c00000, 0x0000000100000000)
  eden space 21504K, 100% used [0x00000000d5d00000,0x00000000d7200000,0x00000000d7200000)
  from space 9728K, 80% used [0x00000000d7200000,0x00000000d79a8220,0x00000000d7b80000)
  to   space 10752K, 0% used [0x00000000d8180000,0x00000000d8180000,0x00000000d8c00000)
 ParOldGen       total 14848K, used 10807K [0x0000000081600000, 0x0000000082480000, 0x00000000d5d00000)
  object space 14848K, 72% used [0x0000000081600000,0x000000008208dc28,0x0000000082480000)
 Metaspace       used 9889K, capacity 10420K, committed 10624K, reserved 1058816K
  class space    used 1030K, capacity 1072K, committed 1152K, reserved 1048576K
Event: 6.441 GC heap after
Heap after GC invocations=13 (full 1):
 PSYoungGen      total 36352K, used 8480K [0x00000000d5d00000, 0x00000000d8e00000, 0x0000000100000000)
  eden space 25600K, 0% used [0x00000000d5d00000,0x00000000d5d00000,0x00000000d7600000)
  from space 10752K, 78% used [0x00000000d8180000,0x00000000d89c8220,0x00000000d8c00000)
  to   space 11776K, 0% used [0x00000000d7600000,0x00000000d7600000,0x00000000d8180000)
 ParOldGen       total 14848K, used 10815K [0x0000000081600000, 0x0000000082480000, 0x00000000d5d00000)
  object space 14848K, 72% used [0x0000000081600000,0x000000008208fc28,0x0000000082480000)
 Metaspace       used 9889K, capacity 10420K, committed 10624K, reserved 1058816K
  class space    used 1030K, capacity 1072K, committed 1152K, reserved 1048576K
}
Event: 6.834 GC heap before
{Heap before GC invocations=14 (full 1):
 PSYoungGen      total 36352K, used 34080K [0x00000000d5d00000, 0x00000000d8e00000, 0x0000000100000000)
  eden space 25600K, 100% used [0x00000000d5d00000,0x00000000d7600000,0x00000000d7600000)
  from space 10752K, 78% used [0x00000000d8180000,0x00000000d89c8220,0x00000000d8c00000)
  to   space 11776K, 0% used [0x00000000d7600000,0x00000000d7600000,0x00000000d8180000)
 ParOldGen       total 14848K, used 10815K [0x0000000081600000, 0x0000000082480000, 0x00000000d5d00000)
  object space 14848K, 72% used [0x0000000081600000,0x000000008208fc28,0x0000000082480000)
 Metaspace       used 9982K, capacity 10484K, committed 10624K, reserved 1058816K
  class space    used 1030K, capacity 1072K, committed 1152K, reserved 1048576K
Event: 6.861 GC heap after
Heap after GC invocations=14 (full 1):
 PSYoungGen      total 37376K, used 9199K [0x00000000d5d00000, 0x00000000d9500000, 0x0000000100000000)
  eden space 25600K, 0% used [0x00000000d5d00000,0x00000000d5d00000,0x00000000d7600000)
  from space 11776K, 78% used [0x00000000d7600000,0x00000000d7efbc40,0x00000000d8180000)
  to   space 12800K, 0% used [0x00000000d8880000,0x00000000d8880000,0x00000000d9500000)
 ParOldGen       total 14848K, used 10823K [0x0000000081600000, 0x0000000082480000, 0x00000000d5d00000)
  object space 14848K, 72% used [0x0000000081600000,0x0000000082091c28,0x0000000082480000)
 Metaspace       used 9982K, capacity 10484K, committed 10624K, reserved 1058816K
  class space    used 1030K, capacity 1072K, committed 1152K, reserved 1048576K
}
Event: 7.437 GC heap before
{Heap before GC invocations=15 (full 1):
 PSYoungGen      total 37376K, used 34799K [0x00000000d5d00000, 0x00000000d9500000, 0x0000000100000000)
  eden space 25600K, 100% used [0x00000000d5d00000,0x00000000d7600000,0x00000000d7600000)
  from space 11776K, 78% used [0x00000000d7600000,0x00000000d7efbc40,0x00000000d8180000)
  to   space 12800K, 0% used [0x00000000d8880000,0x00000000d8880000,0x00000000d9500000)
 ParOldGen       total 14848K, used 10823K [0x0000000081600000, 0x0000000082480000, 0x00000000d5d00000)
  object space 14848K, 72% used [0x0000000081600000,0x0000000082091c28,0x0000000082480000)
 Metaspace       used 10189K, capacity 10644K, committed 10880K, reserved 1058816K
  class space    used 1067K, capacity 1104K, committed 1152K, reserved 1048576K

