# JRE version: Java(TM) SE Runtime Environment (8.0_111-b14) (build 1.8.0_111-b14)
# Java VM: Java HotSpot(TM) 64-Bit Server VM (25.111-b14 mixed mode windows-amd64 compressed oops)
Heap:
 PSYoungGen      total 66560K, used 34741K [0x00000000d5d00000, 0x00000000dc280000, 0x0000000100000000)
  eden space 32256K, 54% used [0x00000000d5d00000,0x00000000d6e05598,0x00000000d7c80000)
  from space 34304K, 50% used [0x00000000da100000,0x00000000db1e8210,0x00000000dc280000)
  to   space 35840K, 0% used [0x00000000d7c80000,0x00000000d7c80000,0x00000000d9f80000)
 ParOldGen       total 105472K, used 59908K [0x0000000081600000, 0x0000000087d00000, 0x00000000d5d00000)
  object space 105472K, 56% used [0x0000000081600000,0x0000000085081040,0x0000000087d00000)
 Metaspace       used 19538K, capacity 19778K, committed 20224K, reserved 1067008K
  class space    used 2337K, capacity 2433K, committed 2560K, reserved 1048576K
GC Heap History (10 events):
Event: 100.438 GC heap before
{Heap before GC invocations=3 (full 0):
 PSYoungGen      total 38400K, used 38390K [0x00000000d5d00000, 0x00000000d8780000, 0x0000000100000000)
  eden space 33280K, 100% used [0x00000000d5d00000,0x00000000d7d80000,0x00000000d7d80000)
  from space 5120K, 99% used [0x00000000d8280000,0x00000000d877d938,0x00000000d8780000)
  to   space 5120K, 0% used [0x00000000d7d80000,0x00000000d7d80000,0x00000000d8280000)
 ParOldGen       total 87552K, used 51079K [0x0000000081600000, 0x0000000086b80000, 0x00000000d5d00000)
  object space 87552K, 58% used [0x0000000081600000,0x00000000847e1f30,0x0000000086b80000)
 Metaspace       used 17270K, capacity 17462K, committed 17792K, reserved 1064960K
  class space    used 2047K, capacity 2111K, committed 2176K, reserved 1048576K
Event: 100.478 GC heap after
Heap after GC invocations=3 (full 0):
 PSYoungGen      total 38400K, used 5110K [0x00000000d5d00000, 0x00000000d8780000, 0x0000000100000000)
  eden space 33280K, 0% used [0x00000000d5d00000,0x00000000d5d00000,0x00000000d7d80000)
  from space 5120K, 99% used [0x00000000d7d80000,0x00000000d827d8a0,0x00000000d8280000)
  to   space 5120K, 0% used [0x00000000d8280000,0x00000000d8280000,0x00000000d8780000)
 ParOldGen       total 87552K, used 63957K [0x0000000081600000, 0x0000000086b80000, 0x00000000d5d00000)
  object space 87552K, 73% used [0x0000000081600000,0x0000000085475668,0x0000000086b80000)
 Metaspace       used 17270K, capacity 17462K, committed 17792K, reserved 1064960K
  class space    used 2047K, capacity 2111K, committed 2176K, reserved 1048576K
}
Event: 100.478 GC heap before
{Heap before GC invocations=4 (full 1):
 PSYoungGen      total 38400K, used 5110K [0x00000000d5d00000, 0x00000000d8780000, 0x0000000100000000)
  eden space 33280K, 0% used [0x00000000d5d00000,0x00000000d5d00000,0x00000000d7d80000)
  from space 5120K, 99% used [0x00000000d7d80000,0x00000000d827d8a0,0x00000000d8280000)
  to   space 5120K, 0% used [0x00000000d8280000,0x00000000d8280000,0x00000000d8780000)
 ParOldGen       total 87552K, used 63957K [0x0000000081600000, 0x0000000086b80000, 0x00000000d5d00000)
  object space 87552K, 73% used [0x0000000081600000,0x0000000085475668,0x0000000086b80000)
 Metaspace       used 17270K, capacity 17462K, committed 17792K, reserved 1064960K
  class space    used 2047K, capacity 2111K, committed 2176K, reserved 1048576K
Event: 100.537 GC heap after
Heap after GC invocations=4 (full 1):
 PSYoungGen      total 38400K, used 0K [0x00000000d5d00000, 0x00000000d8780000, 0x0000000100000000)
  eden space 33280K, 0% used [0x00000000d5d00000,0x00000000d5d00000,0x00000000d7d80000)
  from space 5120K, 0% used [0x00000000d7d80000,0x00000000d7d80000,0x00000000d8280000)
  to   space 5120K, 0% used [0x00000000d8280000,0x00000000d8280000,0x00000000d8780000)
 ParOldGen       total 105472K, used 41077K [0x0000000081600000, 0x0000000087d00000, 0x00000000d5d00000)
  object space 105472K, 38% used [0x0000000081600000,0x0000000083e1d7b0,0x0000000087d00000)
 Metaspace       used 17270K, capacity 17462K, committed 17792K, reserved 1064960K
  class space    used 2047K, capacity 2111K, committed 2176K, reserved 1048576K
}
Event: 220.830 GC heap before
{Heap before GC invocations=5 (full 1):
 PSYoungGen      total 38400K, used 32698K [0x00000000d5d00000, 0x00000000d8780000, 0x0000000100000000)
  eden space 33280K, 98% used [0x00000000d5d00000,0x00000000d7ceebc0,0x00000000d7d80000)
  from space 5120K, 0% used [0x00000000d7d80000,0x00000000d7d80000,0x00000000d8280000)
  to   space 5120K, 0% used [0x00000000d8280000,0x00000000d8280000,0x00000000d8780000)
 ParOldGen       total 105472K, used 41077K [0x0000000081600000, 0x0000000087d00000, 0x00000000d5d00000)
  object space 105472K, 38% used [0x0000000081600000,0x0000000083e1d7b0,0x0000000087d00000)
 Metaspace       used 17785K, capacity 18012K, committed 18176K, reserved 1064960K
  class space    used 2118K, capacity 2208K, committed 2304K, reserved 1048576K
Event: 220.848 GC heap after
Heap after GC invocations=5 (full 1):
 PSYoungGen      total 38400K, used 5118K [0x00000000d5d00000, 0x00000000d8780000, 0x0000000100000000)
  eden space 33280K, 0% used [0x00000000d5d00000,0x00000000d5d00000,0x00000000d7d80000)
  from space 5120K, 99% used [0x00000000d8280000,0x00000000d877f900,0x00000000d8780000)
  to   space 5120K, 0% used [0x00000000d7d80000,0x00000000d7d80000,0x00000000d8280000)
 ParOldGen       total 105472K, used 48444K [0x0000000081600000, 0x0000000087d00000, 0x00000000d5d00000)
  object space 105472K, 45% used [0x0000000081600000,0x000000008454f020,0x0000000087d00000)
 Metaspace       used 17785K, capacity 18012K, committed 18176K, reserved 1064960K
  class space    used 2118K, capacity 2208K, committed 2304K, reserved 1048576K
}
Event: 291.982 GC heap before
{Heap before GC invocations=6 (full 1):
 PSYoungGen      total 38400K, used 38339K [0x00000000d5d00000, 0x00000000d8780000, 0x0000000100000000)
  eden space 33280K, 99% used [0x00000000d5d00000,0x00000000d7d714f0,0x00000000d7d80000)
  from space 5120K, 99% used [0x00000000d8280000,0x00000000d877f900,0x00000000d8780000)
  to   space 5120K, 0% used [0x00000000d7d80000,0x00000000d7d80000,0x00000000d8280000)
 ParOldGen       total 105472K, used 48444K [0x0000000081600000, 0x0000000087d00000, 0x00000000d5d00000)
  object space 105472K, 45% used [0x0000000081600000,0x000000008454f020,0x0000000087d00000)
 Metaspace       used 18260K, capacity 18524K, committed 18688K, reserved 1064960K
  class space    used 2175K, capacity 2272K, committed 2304K, reserved 1048576K
Event: 291.990 GC heap after
Heap after GC invocations=6 (full 1):
 PSYoungGen      total 37888K, used 5118K [0x00000000d5d00000, 0x00000000dc500000, 0x0000000100000000)
  eden space 32768K, 0% used [0x00000000d5d00000,0x00000000d5d00000,0x00000000d7d00000)
  from space 5120K, 99% used [0x00000000d7d80000,0x00000000d827faf8,0x00000000d8280000)
  to   space 36864K, 0% used [0x00000000da100000,0x00000000da100000,0x00000000dc500000)
 ParOldGen       total 105472K, used 59900K [0x0000000081600000, 0x0000000087d00000, 0x00000000d5d00000)
  object space 105472K, 56% used [0x0000000081600000,0x000000008507f040,0x0000000087d00000)
 Metaspace       used 18260K, capacity 18524K, committed 18688K, reserved 1064960K
  class space    used 2175K, capacity 2272K, committed 2304K, reserved 1048576K
}
Event: 507.992 GC heap before
{Heap before GC invocations=7 (full 1):
 PSYoungGen      total 37888K, used 37886K [0x00000000d5d00000, 0x00000000dc500000, 0x0000000100000000)
  eden space 32768K, 100% used [0x00000000d5d00000,0x00000000d7d00000,0x00000000d7d00000)
  from space 5120K, 99% used [0x00000000d7d80000,0x00000000d827faf8,0x00000000d8280000)
  to   space 36864K, 0% used [0x00000000da100000,0x00000000da100000,0x00000000dc500000)
 ParOldGen       total 105472K, used 59900K [0x0000000081600000, 0x0000000087d00000, 0x00000000d5d00000)
  object space 105472K, 56% used [0x0000000081600000,0x000000008507f040,0x0000000087d00000)
 Metaspace       used 19219K, capacity 19490K, committed 19840K, reserved 1067008K
  class space    used 2304K, capacity 2401K, committed 2432K, reserved 1048576K
Event: 508.003 GC heap after
Heap after GC invocations=7 (full 1):
 PSYoungGen      total 66560K, used 17312K [0x00000000d5d00000, 0x00000000dc280000, 0x0000000100000000)
  eden space 32256K, 0% used [0x00000000d5d00000,0x00000000d5d00000,0x00000000d7c80000)
  from space 34304K, 50% used [0x00000000da100000,0x00000000db1e8210,0x00000000dc280000)
  to   space 35840K, 0% used [0x00000000d7c80000,0x00000000d7c80000,0x00000000d9f80000)
 ParOldGen       total 105472K, used 59908K [0x0000000081600000, 0x0000000087d00000, 0x00000000d5d00000)
  object space 105472K, 56% used [0x0000000081600000,0x0000000085081040,0x0000000087d00000)
 Metaspace       used 19219K, capacity 19490K, committed 19840K, reserved 1067008K
  class space    used 2304K, capacity 2401K, committed 2432K, reserved 1048576K
}

