# JRE version: Java(TM) SE Runtime Environment (8.0_111-b14) (build 1.8.0_111-b14)
# Java VM: Java HotSpot(TM) 64-Bit Server VM (25.111-b14 mixed mode windows-amd64 compressed oops)
Heap:
 PSYoungGen      total 38400K, used 13266K [0x00000000d5d00000, 0x00000000da800000, 0x0000000100000000)
  eden space 33280K, 24% used [0x00000000d5d00000,0x00000000d64f78d8,0x00000000d7d80000)
  from space 5120K, 99% used [0x00000000da300000,0x00000000da7fd080,0x00000000da800000)
  to   space 5120K, 0% used [0x00000000d7d80000,0x00000000d7d80000,0x00000000d8280000)
 ParOldGen       total 87552K, used 34742K [0x0000000081600000, 0x0000000086b80000, 0x00000000d5d00000)
  object space 87552K, 39% used [0x0000000081600000,0x00000000837eda38,0x0000000086b80000)
 Metaspace       used 18015K, capacity 18242K, committed 18432K, reserved 1064960K
  class space    used 2175K, capacity 2253K, committed 2304K, reserved 1048576K
GC Heap History (4 events):
Event: 0.794 GC heap before
{Heap before GC invocations=1 (full 0):
 PSYoungGen      total 38400K, used 33280K [0x00000000d5d00000, 0x00000000d8780000, 0x0000000100000000)
  eden space 33280K, 100% used [0x00000000d5d00000,0x00000000d7d80000,0x00000000d7d80000)
  from space 5120K, 0% used [0x00000000d8280000,0x00000000d8280000,0x00000000d8780000)
  to   space 5120K, 0% used [0x00000000d7d80000,0x00000000d7d80000,0x00000000d8280000)
 ParOldGen       total 87552K, used 0K [0x0000000081600000, 0x0000000086b80000, 0x00000000d5d00000)
  object space 87552K, 0% used [0x0000000081600000,0x0000000081600000,0x0000000086b80000)
 Metaspace       used 14842K, capacity 15044K, committed 15360K, reserved 1062912K
  class space    used 1900K, capacity 1962K, committed 2048K, reserved 1048576K
Event: 0.802 GC heap after
Heap after GC invocations=1 (full 0):
 PSYoungGen      total 38400K, used 5094K [0x00000000d5d00000, 0x00000000da800000, 0x0000000100000000)
  eden space 33280K, 0% used [0x00000000d5d00000,0x00000000d5d00000,0x00000000d7d80000)
  from space 5120K, 99% used [0x00000000d7d80000,0x00000000d8279988,0x00000000d8280000)
  to   space 5120K, 0% used [0x00000000da300000,0x00000000da300000,0x00000000da800000)
 ParOldGen       total 87552K, used 17368K [0x0000000081600000, 0x0000000086b80000, 0x00000000d5d00000)
  object space 87552K, 19% used [0x0000000081600000,0x00000000826f6008,0x0000000086b80000)
 Metaspace       used 14842K, capacity 15044K, committed 15360K, reserved 1062912K
  class space    used 1900K, capacity 1962K, committed 2048K, reserved 1048576K
}
Event: 29.707 GC heap before
{Heap before GC invocations=2 (full 0):
 PSYoungGen      total 38400K, used 38374K [0x00000000d5d00000, 0x00000000da800000, 0x0000000100000000)
  eden space 33280K, 100% used [0x00000000d5d00000,0x00000000d7d80000,0x00000000d7d80000)
  from space 5120K, 99% used [0x00000000d7d80000,0x00000000d8279988,0x00000000d8280000)
  to   space 5120K, 0% used [0x00000000da300000,0x00000000da300000,0x00000000da800000)
 ParOldGen       total 87552K, used 17368K [0x0000000081600000, 0x0000000086b80000, 0x00000000d5d00000)
  object space 87552K, 19% used [0x0000000081600000,0x00000000826f6008,0x0000000086b80000)
 Metaspace       used 17807K, capacity 18018K, committed 18432K, reserved 1064960K
  class space    used 2153K, capacity 2221K, committed 2304K, reserved 1048576K
Event: 29.721 GC heap after
Heap after GC invocations=2 (full 0):
 PSYoungGen      total 38400K, used 5108K [0x00000000d5d00000, 0x00000000da800000, 0x0000000100000000)
  eden space 33280K, 0% used [0x00000000d5d00000,0x00000000d5d00000,0x00000000d7d80000)
  from space 5120K, 99% used [0x00000000da300000,0x00000000da7fd080,0x00000000da800000)
  to   space 5120K, 0% used [0x00000000d7d80000,0x00000000d7d80000,0x00000000d8280000)
 ParOldGen       total 87552K, used 34742K [0x0000000081600000, 0x0000000086b80000, 0x00000000d5d00000)
  object space 87552K, 39% used [0x0000000081600000,0x00000000837eda38,0x0000000086b80000)
 Metaspace       used 17807K, capacity 18018K, committed 18432K, reserved 1064960K
  class space    used 2153K, capacity 2221K, committed 2304K, reserved 1048576K
}

