# JRE version: Java(TM) SE Runtime Environment (8.0_111-b14) (build 1.8.0_111-b14)
# Java VM: Java HotSpot(TM) 64-Bit Server VM (25.111-b14 mixed mode windows-amd64 compressed oops)
Heap:
 PSYoungGen      total 38400K, used 6523K [0x00000000d5d00000, 0x00000000d8780000, 0x0000000100000000)
  eden space 33280K, 4% used [0x00000000d5d00000,0x00000000d5e668b0,0x00000000d7d80000)
  from space 5120K, 99% used [0x00000000d8280000,0x00000000d87786a0,0x00000000d8780000)
  to   space 5120K, 0% used [0x00000000d7d80000,0x00000000d7d80000,0x00000000d8280000)
 ParOldGen       total 87552K, used 47311K [0x0000000081600000, 0x0000000086b80000, 0x00000000d5d00000)
  object space 87552K, 54% used [0x0000000081600000,0x0000000084433d78,0x0000000086b80000)
 Metaspace       used 17560K, capacity 17748K, committed 17920K, reserved 1064960K
  class space    used 2170K, capacity 2226K, committed 2304K, reserved 1048576K
GC Heap History (4 events):
Event: 20.754 GC heap before
{Heap before GC invocations=1 (full 0):
 PSYoungGen      total 38400K, used 33280K [0x00000000d5d00000, 0x00000000d8780000, 0x0000000100000000)
  eden space 33280K, 100% used [0x00000000d5d00000,0x00000000d7d80000,0x00000000d7d80000)
  from space 5120K, 0% used [0x00000000d8280000,0x00000000d8280000,0x00000000d8780000)
  to   space 5120K, 0% used [0x00000000d7d80000,0x00000000d7d80000,0x00000000d8280000)
 ParOldGen       total 87552K, used 0K [0x0000000081600000, 0x0000000086b80000, 0x00000000d5d00000)
  object space 87552K, 0% used [0x0000000081600000,0x0000000081600000,0x0000000086b80000)
 Metaspace       used 12855K, capacity 13054K, committed 13312K, reserved 1060864K
  class space    used 1634K, capacity 1703K, committed 1792K, reserved 1048576K
Event: 20.785 GC heap after
Heap after GC invocations=1 (full 0):
 PSYoungGen      total 38400K, used 5111K [0x00000000d5d00000, 0x00000000d8780000, 0x0000000100000000)
  eden space 33280K, 0% used [0x00000000d5d00000,0x00000000d5d00000,0x00000000d7d80000)
  from space 5120K, 99% used [0x00000000d7d80000,0x00000000d827dce0,0x00000000d8280000)
  to   space 5120K, 0% used [0x00000000d8280000,0x00000000d8280000,0x00000000d8780000)
 ParOldGen       total 87552K, used 26836K [0x0000000081600000, 0x0000000086b80000, 0x00000000d5d00000)
  object space 87552K, 30% used [0x0000000081600000,0x0000000083035288,0x0000000086b80000)
 Metaspace       used 12855K, capacity 13054K, committed 13312K, reserved 1060864K
  class space    used 1634K, capacity 1703K, committed 1792K, reserved 1048576K
}
Event: 32.448 GC heap before
{Heap before GC invocations=2 (full 0):
 PSYoungGen      total 38400K, used 38391K [0x00000000d5d00000, 0x00000000d8780000, 0x0000000100000000)
  eden space 33280K, 100% used [0x00000000d5d00000,0x00000000d7d80000,0x00000000d7d80000)
  from space 5120K, 99% used [0x00000000d7d80000,0x00000000d827dce0,0x00000000d8280000)
  to   space 5120K, 0% used [0x00000000d8280000,0x00000000d8280000,0x00000000d8780000)
 ParOldGen       total 87552K, used 26836K [0x0000000081600000, 0x0000000086b80000, 0x00000000d5d00000)
  object space 87552K, 30% used [0x0000000081600000,0x0000000083035288,0x0000000086b80000)
 Metaspace       used 17461K, capacity 17620K, committed 17920K, reserved 1064960K
  class space    used 2162K, capacity 2226K, committed 2304K, reserved 1048576K
Event: 32.466 GC heap after
Heap after GC invocations=2 (full 0):
 PSYoungGen      total 38400K, used 5089K [0x00000000d5d00000, 0x00000000d8780000, 0x0000000100000000)
  eden space 33280K, 0% used [0x00000000d5d00000,0x00000000d5d00000,0x00000000d7d80000)
  from space 5120K, 99% used [0x00000000d8280000,0x00000000d87786a0,0x00000000d8780000)
  to   space 5120K, 0% used [0x00000000d7d80000,0x00000000d7d80000,0x00000000d8280000)
 ParOldGen       total 87552K, used 47311K [0x0000000081600000, 0x0000000086b80000, 0x00000000d5d00000)
  object space 87552K, 54% used [0x0000000081600000,0x0000000084433d78,0x0000000086b80000)
 Metaspace       used 17461K, capacity 17620K, committed 17920K, reserved 1064960K
  class space    used 2162K, capacity 2226K, committed 2304K, reserved 1048576K
}

