# JRE version: Java(TM) SE Runtime Environment (8.0_111-b14) (build 1.8.0_111-b14)
# Java VM: Java HotSpot(TM) 64-Bit Server VM (25.111-b14 mixed mode windows-amd64 compressed oops)
Heap:
 PSYoungGen      total 25600K, used 6024K [0x00000000d5d00000, 0x00000000d7f00000, 0x0000000100000000)
  eden space 19968K, 2% used [0x00000000d5d00000,0x00000000d5d675c8,0x00000000d7080000)
  from space 5632K, 99% used [0x00000000d7980000,0x00000000d7efaaf0,0x00000000d7f00000)
  to   space 7168K, 0% used [0x00000000d7100000,0x00000000d7100000,0x00000000d7800000)
 ParOldGen       total 12800K, used 8412K [0x0000000081600000, 0x0000000082280000, 0x00000000d5d00000)
  object space 12800K, 65% used [0x0000000081600000,0x0000000081e37230,0x0000000082280000)
 Metaspace       used 7805K, capacity 8500K, committed 8704K, reserved 1056768K
  class space    used 917K, capacity 944K, committed 1024K, reserved 1048576K
GC Heap History (10 events):
Event: 0.750 GC heap before
{Heap before GC invocations=4 (full 0):
 PSYoungGen      total 3584K, used 3558K [0x00000000d5d00000, 0x00000000d6400000, 0x0000000100000000)
  eden space 3072K, 99% used [0x00000000d5d00000,0x00000000d5ffd968,0x00000000d6000000)
  from space 512K, 96% used [0x00000000d6000000,0x00000000d607c030,0x00000000d6080000)
  to   space 512K, 0% used [0x00000000d6380000,0x00000000d6380000,0x00000000d6400000)
 ParOldGen       total 5632K, used 619K [0x0000000081600000, 0x0000000081b80000, 0x00000000d5d00000)
  object space 5632K, 10% used [0x0000000081600000,0x000000008169ac70,0x0000000081b80000)
 Metaspace       used 6264K, capacity 7348K, committed 7552K, reserved 1056768K
  class space    used 791K, capacity 816K, committed 896K, reserved 1048576K
Event: 0.781 GC heap after
Heap after GC invocations=4 (full 0):
 PSYoungGen      total 6656K, used 480K [0x00000000d5d00000, 0x00000000d6400000, 0x0000000100000000)
  eden space 6144K, 0% used [0x00000000d5d00000,0x00000000d5d00000,0x00000000d6300000)
  from space 512K, 93% used [0x00000000d6380000,0x00000000d63f8020,0x00000000d6400000)
  to   space 512K, 0% used [0x00000000d6300000,0x00000000d6300000,0x00000000d6380000)
 ParOldGen       total 5632K, used 1007K [0x0000000081600000, 0x0000000081b80000, 0x00000000d5d00000)
  object space 5632K, 17% used [0x0000000081600000,0x00000000816fbd70,0x0000000081b80000)
 Metaspace       used 6264K, capacity 7348K, committed 7552K, reserved 1056768K
  class space    used 791K, capacity 816K, committed 896K, reserved 1048576K
}
Event: 1.051 GC heap before
{Heap before GC invocations=5 (full 0):
 PSYoungGen      total 6656K, used 6624K [0x00000000d5d00000, 0x00000000d6400000, 0x0000000100000000)
  eden space 6144K, 100% used [0x00000000d5d00000,0x00000000d6300000,0x00000000d6300000)
  from space 512K, 93% used [0x00000000d6380000,0x00000000d63f8020,0x00000000d6400000)
  to   space 512K, 0% used [0x00000000d6300000,0x00000000d6300000,0x00000000d6380000)
 ParOldGen       total 5632K, used 1007K [0x0000000081600000, 0x0000000081b80000, 0x00000000d5d00000)
  object space 5632K, 17% used [0x0000000081600000,0x00000000816fbd70,0x0000000081b80000)
 Metaspace       used 7398K, capacity 8212K, committed 8448K, reserved 1056768K
  class space    used 894K, capacity 912K, committed 1024K, reserved 1048576K
Event: 1.069 GC heap after
Heap after GC invocations=5 (full 0):
 PSYoungGen      total 6656K, used 480K [0x00000000d5d00000, 0x00000000d6d00000, 0x0000000100000000)
  eden space 6144K, 0% used [0x00000000d5d00000,0x00000000d5d00000,0x00000000d6300000)
  from space 512K, 93% used [0x00000000d6300000,0x00000000d6378020,0x00000000d6380000)
  to   space 2048K, 0% used [0x00000000d6b00000,0x00000000d6b00000,0x00000000d6d00000)
 ParOldGen       total 5632K, used 2541K [0x0000000081600000, 0x0000000081b80000, 0x00000000d5d00000)
  object space 5632K, 45% used [0x0000000081600000,0x000000008187b720,0x0000000081b80000)
 Metaspace       used 7398K, capacity 8212K, committed 8448K, reserved 1056768K
  class space    used 894K, capacity 912K, committed 1024K, reserved 1048576K
}
Event: 1.142 GC heap before
{Heap before GC invocations=6 (full 0):
 PSYoungGen      total 6656K, used 6624K [0x00000000d5d00000, 0x00000000d6d00000, 0x0000000100000000)
  eden space 6144K, 100% used [0x00000000d5d00000,0x00000000d6300000,0x00000000d6300000)
  from space 512K, 93% used [0x00000000d6300000,0x00000000d6378020,0x00000000d6380000)
  to   space 2048K, 0% used [0x00000000d6b00000,0x00000000d6b00000,0x00000000d6d00000)
 ParOldGen       total 5632K, used 2541K [0x0000000081600000, 0x0000000081b80000, 0x00000000d5d00000)
  object space 5632K, 45% used [0x0000000081600000,0x000000008187b720,0x0000000081b80000)
 Metaspace       used 7441K, capacity 8276K, committed 8448K, reserved 1056768K
  class space    used 894K, capacity 912K, committed 1024K, reserved 1048576K
Event: 1.160 GC heap after
Heap after GC invocations=6 (full 0):
 PSYoungGen      total 13824K, used 2030K [0x00000000d5d00000, 0x00000000d6e00000, 0x0000000100000000)
  eden space 11776K, 0% used [0x00000000d5d00000,0x00000000d5d00000,0x00000000d6880000)
  from space 2048K, 99% used [0x00000000d6b00000,0x00000000d6cfb940,0x00000000d6d00000)
  to   space 2560K, 0% used [0x00000000d6880000,0x00000000d6880000,0x00000000d6b00000)
 ParOldGen       total 5632K, used 2861K [0x0000000081600000, 0x0000000081b80000, 0x00000000d5d00000)
  object space 5632K, 50% used [0x0000000081600000,0x00000000818cb720,0x0000000081b80000)
 Metaspace       used 7441K, capacity 8276K, committed 8448K, reserved 1056768K
  class space    used 894K, capacity 912K, committed 1024K, reserved 1048576K
}
Event: 1.312 GC heap before
{Heap before GC invocations=7 (full 0):
 PSYoungGen      total 13824K, used 13806K [0x00000000d5d00000, 0x00000000d6e00000, 0x0000000100000000)
  eden space 11776K, 100% used [0x00000000d5d00000,0x00000000d6880000,0x00000000d6880000)
  from space 2048K, 99% used [0x00000000d6b00000,0x00000000d6cfb940,0x00000000d6d00000)
  to   space 2560K, 0% used [0x00000000d6880000,0x00000000d6880000,0x00000000d6b00000)
 ParOldGen       total 5632K, used 2861K [0x0000000081600000, 0x0000000081b80000, 0x00000000d5d00000)
  object space 5632K, 50% used [0x0000000081600000,0x00000000818cb720,0x0000000081b80000)
 Metaspace       used 7592K, capacity 8372K, committed 8704K, reserved 1056768K
  class space    used 904K, capacity 944K, committed 1024K, reserved 1048576K
Event: 1.335 GC heap after
Heap after GC invocations=7 (full 0):
 PSYoungGen      total 14336K, used 2533K [0x00000000d5d00000, 0x00000000d7f00000, 0x0000000100000000)
  eden space 11776K, 0% used [0x00000000d5d00000,0x00000000d5d00000,0x00000000d6880000)
  from space 2560K, 98% used [0x00000000d6880000,0x00000000d6af9520,0x00000000d6b00000)
  to   space 5632K, 0% used [0x00000000d7980000,0x00000000d7980000,0x00000000d7f00000)
 ParOldGen       total 7680K, used 7518K [0x0000000081600000, 0x0000000081d80000, 0x00000000d5d00000)
  object space 7680K, 97% used [0x0000000081600000,0x0000000081d578f8,0x0000000081d80000)
 Metaspace       used 7592K, capacity 8372K, committed 8704K, reserved 1056768K
  class space    used 904K, capacity 944K, committed 1024K, reserved 1048576K
}
Event: 1.335 GC heap before
{Heap before GC invocations=8 (full 1):
 PSYoungGen      total 14336K, used 2533K [0x00000000d5d00000, 0x00000000d7f00000, 0x0000000100000000)
  eden space 11776K, 0% used [0x00000000d5d00000,0x00000000d5d00000,0x00000000d6880000)
  from space 2560K, 98% used [0x00000000d6880000,0x00000000d6af9520,0x00000000d6b00000)
  to   space 5632K, 0% used [0x00000000d7980000,0x00000000d7980000,0x00000000d7f00000)
 ParOldGen       total 7680K, used 7518K [0x0000000081600000, 0x0000000081d80000, 0x00000000d5d00000)
  object space 7680K, 97% used [0x0000000081600000,0x0000000081d578f8,0x0000000081d80000)
 Metaspace       used 7592K, capacity 8372K, committed 8704K, reserved 1056768K
  class space    used 904K, capacity 944K, committed 1024K, reserved 1048576K
Event: 1.451 GC heap after
Heap after GC invocations=8 (full 1):
 PSYoungGen      total 14336K, used 2513K [0x00000000d5d00000, 0x00000000d7f00000, 0x0000000100000000)
  eden space 11776K, 0% used [0x00000000d5d00000,0x00000000d5d00000,0x00000000d6880000)
  from space 2560K, 98% used [0x00000000d6880000,0x00000000d6af4618,0x00000000d6b00000)
  to   space 5632K, 0% used [0x00000000d7980000,0x00000000d7980000,0x00000000d7f00000)
 ParOldGen       total 12800K, used 7236K [0x0000000081600000, 0x0000000082280000, 0x00000000d5d00000)
  object space 12800K, 56% used [0x0000000081600000,0x0000000081d11210,0x0000000082280000)
 Metaspace       used 7592K, capacity 8372K, committed 8704K, reserved 1056768K
  class space    used 904K, capacity 944K, committed 1024K, reserved 1048576K
}

